<?xml version="1.0" encoding="UTF-8"?>
<!-- Generated by org.testng.reporters.JUnitReportReporter -->
<testsuite hostname="LAPTOP-N7T8FIF4" failures="0" tests="4" name="com.supermarket.tests.ManageExpenseTest" time="58.749" errors="0" timestamp="2022-10-30T22:13:15 IST" skipped="0">
  <testcase classname="com.supermarket.tests.ManageExpenseTest" name="verify_SearchOption" time="6.646"/>
  <system-out/>
  <testcase classname="com.supermarket.tests.ManageExpenseTest" name="verify_SearchOption" time="7.321"/>
  <system-out/>
  <testcase classname="com.supermarket.tests.ManageExpenseTest" name="verify_SearchOption" time="22.272"/>
  <system-out/>
  <testcase classname="com.supermarket.tests.ManageExpenseTest" name="verify_SearchOption" time="22.510"/>
  <system-out/>
</testsuite> <!-- com.supermarket.tests.ManageExpenseTest -->
