<?xml version="1.0" encoding="UTF-8"?>
<!-- Generated by org.testng.reporters.JUnitReportReporter -->
<testsuite hostname="LAPTOP-N7T8FIF4" failures="0" tests="3" name="com.supermarket.tests.DashBoardTest" time="51.318" errors="0" timestamp="2022-10-29T08:06:16 IST" skipped="0">
  <testcase classname="com.supermarket.tests.DashBoardTest" name="verify_IConIsDisplayedOrNot" time="13.502"/>
  <system-out/>
  <testcase classname="com.supermarket.tests.DashBoardTest" name="verify_FontSize" time="16.239"/>
  <system-out/>
  <testcase classname="com.supermarket.tests.DashBoardTest" name="verify_BackGroundColor" time="21.577"/>
  <system-out/>
</testsuite> <!-- com.supermarket.tests.DashBoardTest -->
