<?xml version="1.0" encoding="UTF-8"?>
<!-- Generated by org.testng.reporters.JUnitReportReporter -->
<testsuite hostname="LAPTOP-N7T8FIF4" failures="0" tests="1" name="com.supermarket.tests.ManageUsersTest" time="6.796" errors="0" timestamp="2022-10-30T14:57:25 IST" skipped="0">
  <testcase classname="com.supermarket.tests.ManageUsersTest" name="verify_ManageUserDeactivation" time="6.796"/>
  <system-out/>
</testsuite> <!-- com.supermarket.tests.ManageUsersTest -->
