<?xml version="1.0" encoding="UTF-8"?>
<!-- Generated by org.testng.reporters.JUnitReportReporter -->
<testsuite hostname="LAPTOP-N7T8FIF4" failures="0" tests="1" name="com.supermarket.tests.PushNotificationTest" time="10.282" errors="0" timestamp="2022-11-01T08:06:37 IST" skipped="0">
  <testcase classname="com.supermarket.tests.PushNotificationTest" name="verify_PushNotification" time="10.282"/>
  <system-out/>
</testsuite> <!-- com.supermarket.tests.PushNotificationTest -->
